Rutherford/build/outputs/logs/manifest-merger-debug-report.txt
-- Merging decision tree log ---
manifest
ADDED from PhysicsAndroid/Rutherford/AndroidManifest.xml:1:1-25:12
	package
		ADDED from PhysicsAndroid/Rutherford/AndroidManifest.xml:2:5-45
	android:versionName
		ADDED from PhysicsAndroid/Rutherford/AndroidManifest.xml:4:5-30
		INJECTED from PhysicsAndroid/Rutherford/AndroidManifest.xml
		INJECTED from PhysicsAndroid/Rutherford/AndroidManifest.xml
	android:versionCode
		ADDED from PhysicsAndroid/Rutherford/AndroidManifest.xml:3:5-28
		INJECTED from PhysicsAndroid/Rutherford/AndroidManifest.xml
		INJECTED from PhysicsAndroid/Rutherford/AndroidManifest.xml
	xmlns:android
		ADDED from PhysicsAndroid/Rutherford/AndroidManifest.xml:1:11-69
uses-sdk
ADDED from PhysicsAndroid/Rutherford/AndroidManifest.xml:6:5-8:41
	android:targetSdkVersion
		ADDED from PhysicsAndroid/Rutherford/AndroidManifest.xml:8:9-38
	android:minSdkVersion
		ADDED from PhysicsAndroid/Rutherford/AndroidManifest.xml:7:9-34
application
ADDED from PhysicsAndroid/Rutherford/AndroidManifest.xml:10:5-23:19
	android:label
		ADDED from PhysicsAndroid/Rutherford/AndroidManifest.xml:12:9-41
	android:icon
		ADDED from PhysicsAndroid/Rutherford/AndroidManifest.xml:11:9-38
	android:theme
		ADDED from PhysicsAndroid/Rutherford/AndroidManifest.xml:13:9-40
activity#jp.ac.u_ryukyu.phys.rutherford.MainActivity
ADDED from PhysicsAndroid/Rutherford/AndroidManifest.xml:14:9-22:20
	android:screenOrientation
		ADDED from PhysicsAndroid/Rutherford/AndroidManifest.xml:16:57-94
	android:label
		ADDED from PhysicsAndroid/Rutherford/AndroidManifest.xml:16:13-56
	android:configChanges
		ADDED from PhysicsAndroid/Rutherford/AndroidManifest.xml:16:95-145
	android:name
		ADDED from PhysicsAndroid/Rutherford/AndroidManifest.xml:15:13-41
intent-filter#android.intent.action.MAIN+android.intent.category.LAUNCHER
ADDED from PhysicsAndroid/Rutherford/AndroidManifest.xml:17:13-21:29
action#android.intent.action.MAIN
ADDED from PhysicsAndroid/Rutherford/AndroidManifest.xml:18:17-69
	android:name
		ADDED from PhysicsAndroid/Rutherford/AndroidManifest.xml:18:25-66
category#android.intent.category.LAUNCHER
ADDED from PhysicsAndroid/Rutherford/AndroidManifest.xml:20:17-77
	android:name
		ADDED from PhysicsAndroid/Rutherford/AndroidManifest.xml:20:27-74